<?xml version="1.0" encoding="UTF-8"?>
<testsuite xmlns:xsi="http://www.w3.org/2001/XMLSchema-instance" xsi:noNamespaceSchemaLocation="https://maven.apache.org/surefire/maven-surefire-plugin/xsd/surefire-test-report-3.0.xsd" version="3.0" name="testRunner.TestRunner" time="20.097" tests="0" errors="0" skipped="0" failures="0">
  <properties>
    <property name="sun.desktop" value="windows"/>
    <property name="awt.toolkit" value="sun.awt.windows.WToolkit"/>
    <property name="java.specification.version" value="12"/>
    <property name="sun.cpu.isalist" value="amd64"/>
    <property name="sun.jnu.encoding" value="Cp1252"/>
    <property name="java.class.path" value="C:\Users\neha\eclipse-workspace\BDDFrameworkProject\target\test-classes;C:\Users\neha\eclipse-workspace\BDDFrameworkProject\target\classes;C:\Users\neha\.m2\repository\junit\junit\4.12\junit-4.12.jar;C:\Users\neha\.m2\repository\io\cucumber\cucumber-junit\4.7.1\cucumber-junit-4.7.1.jar;C:\Users\neha\.m2\repository\org\apiguardian\apiguardian-api\1.1.0\apiguardian-api-1.1.0.jar;C:\Users\neha\.m2\repository\io\cucumber\cucumber-core\4.7.1\cucumber-core-4.7.1.jar;C:\Users\neha\.m2\repository\io\cucumber\tag-expressions\1.1.1\tag-expressions-1.1.1.jar;C:\Users\neha\.m2\repository\io\cucumber\cucumber-expressions\7.0.2\cucumber-expressions-7.0.2.jar;C:\Users\neha\.m2\repository\io\cucumber\datatable\1.1.14\datatable-1.1.14.jar;C:\Users\neha\.m2\repository\io\cucumber\datatable-dependencies\1.1.14\datatable-dependencies-1.1.14.jar;C:\Users\neha\.m2\repository\io\cucumber\cucumber-html\0.2.7\cucumber-html-0.2.7.jar;C:\Users\neha\.m2\repository\net\sourceforge\cobertura\cobertura\2.1.1\cobertura-2.1.1.jar;C:\Users\neha\.m2\repository\org\ow2\asm\asm\5.0.1\asm-5.0.1.jar;C:\Users\neha\.m2\repository\org\ow2\asm\asm-tree\5.0.1\asm-tree-5.0.1.jar;C:\Users\neha\.m2\repository\org\ow2\asm\asm-commons\5.0.1\asm-commons-5.0.1.jar;C:\Users\neha\.m2\repository\org\ow2\asm\asm-util\5.0.1\asm-util-5.0.1.jar;C:\Users\neha\.m2\repository\org\ow2\asm\asm-analysis\5.0.1\asm-analysis-5.0.1.jar;C:\Users\neha\.m2\repository\oro\oro\2.0.8\oro-2.0.8.jar;C:\Users\neha\.m2\repository\jaxen\jaxen\1.1.4\jaxen-1.1.4.jar;C:\Users\neha\.m2\repository\org\apache\ant\ant\1.8.3\ant-1.8.3.jar;C:\Users\neha\.m2\repository\org\apache\ant\ant-launcher\1.8.3\ant-launcher-1.8.3.jar;C:\Users\neha\.m2\repository\org\apache\ant\ant-junit\1.8.3\ant-junit-1.8.3.jar;C:\Users\neha\.m2\repository\org\mortbay\jetty\servlet-api-2.5\6.1.14\servlet-api-2.5-6.1.14.jar;C:\Users\neha\.m2\repository\org\mortbay\jetty\jetty\6.1.14\jetty-6.1.14.jar;C:\Users\neha\.m2\repository\org\mortbay\jetty\jetty-util\6.1.14\jetty-util-6.1.14.jar;C:\Users\neha\.m2\repository\org\slf4j\slf4j-api\1.7.5\slf4j-api-1.7.5.jar;C:\Users\neha\.m2\repository\ch\qos\logback\logback-classic\1.0.13\logback-classic-1.0.13.jar;C:\Users\neha\.m2\repository\ch\qos\logback\logback-core\1.0.13\logback-core-1.0.13.jar;C:\Users\neha\.m2\repository\org\apache\commons\commons-lang3\3.3.2\commons-lang3-3.3.2.jar;C:\Users\neha\.m2\repository\io\cucumber\cucumber-java\4.7.2\cucumber-java-4.7.2.jar;C:\Users\neha\.m2\repository\io\cucumber\cucumber-jvm-deps\1.0.6\cucumber-jvm-deps-1.0.6.jar;C:\Users\neha\.m2\repository\net\masterthought\cucumber-reporting\4.9.0\cucumber-reporting-4.9.0.jar;C:\Users\neha\.m2\repository\com\fasterxml\jackson\core\jackson-databind\2.9.9.3\jackson-databind-2.9.9.3.jar;C:\Users\neha\.m2\repository\com\fasterxml\jackson\core\jackson-annotations\2.9.0\jackson-annotations-2.9.0.jar;C:\Users\neha\.m2\repository\com\fasterxml\jackson\core\jackson-core\2.9.9\jackson-core-2.9.9.jar;C:\Users\neha\.m2\repository\org\apache\velocity\velocity\1.7\velocity-1.7.jar;C:\Users\neha\.m2\repository\commons-lang\commons-lang\2.4\commons-lang-2.4.jar;C:\Users\neha\.m2\repository\commons-collections\commons-collections\3.2.2\commons-collections-3.2.2.jar;C:\Users\neha\.m2\repository\velocity-tools\velocity-tools\1.4\velocity-tools-1.4.jar;C:\Users\neha\.m2\repository\joda-time\joda-time\2.10.2\joda-time-2.10.2.jar;C:\Users\neha\.m2\repository\org\codehaus\plexus\plexus-utils\3.2.0\plexus-utils-3.2.0.jar;C:\Users\neha\.m2\repository\org\jsoup\jsoup\1.12.1\jsoup-1.12.1.jar;C:\Users\neha\.m2\repository\com\googlecode\owasp-java-html-sanitizer\owasp-java-html-sanitizer\20190610.1\owasp-java-html-sanitizer-20190610.1.jar;C:\Users\neha\.m2\repository\commons-configuration\commons-configuration\1.10\commons-configuration-1.10.jar;C:\Users\neha\.m2\repository\commons-logging\commons-logging\1.1.1\commons-logging-1.1.1.jar;C:\Users\neha\.m2\repository\org\hamcrest\hamcrest-core\2.1\hamcrest-core-2.1.jar;C:\Users\neha\.m2\repository\org\hamcrest\hamcrest\2.1\hamcrest-2.1.jar;C:\Users\neha\.m2\repository\io\cucumber\gherkin\5.1.0\gherkin-5.1.0.jar;C:\Users\neha\.m2\repository\io\cucumber\gherkin-jvm-deps\1.0.4\gherkin-jvm-deps-1.0.4.jar;C:\Users\neha\.m2\repository\org\seleniumhq\selenium\selenium-java\3.141.59\selenium-java-3.141.59.jar;C:\Users\neha\.m2\repository\org\seleniumhq\selenium\selenium-api\3.141.59\selenium-api-3.141.59.jar;C:\Users\neha\.m2\repository\org\seleniumhq\selenium\selenium-chrome-driver\3.141.59\selenium-chrome-driver-3.141.59.jar;C:\Users\neha\.m2\repository\org\seleniumhq\selenium\selenium-edge-driver\3.141.59\selenium-edge-driver-3.141.59.jar;C:\Users\neha\.m2\repository\org\seleniumhq\selenium\selenium-firefox-driver\3.141.59\selenium-firefox-driver-3.141.59.jar;C:\Users\neha\.m2\repository\org\seleniumhq\selenium\selenium-ie-driver\3.141.59\selenium-ie-driver-3.141.59.jar;C:\Users\neha\.m2\repository\org\seleniumhq\selenium\selenium-opera-driver\3.141.59\selenium-opera-driver-3.141.59.jar;C:\Users\neha\.m2\repository\org\seleniumhq\selenium\selenium-remote-driver\3.141.59\selenium-remote-driver-3.141.59.jar;C:\Users\neha\.m2\repository\org\seleniumhq\selenium\selenium-safari-driver\3.141.59\selenium-safari-driver-3.141.59.jar;C:\Users\neha\.m2\repository\org\seleniumhq\selenium\selenium-support\3.141.59\selenium-support-3.141.59.jar;C:\Users\neha\.m2\repository\net\bytebuddy\byte-buddy\1.8.15\byte-buddy-1.8.15.jar;C:\Users\neha\.m2\repository\org\apache\commons\commons-exec\1.3\commons-exec-1.3.jar;C:\Users\neha\.m2\repository\com\google\guava\guava\25.0-jre\guava-25.0-jre.jar;C:\Users\neha\.m2\repository\com\google\code\findbugs\jsr305\1.3.9\jsr305-1.3.9.jar;C:\Users\neha\.m2\repository\org\checkerframework\checker-compat-qual\2.0.0\checker-compat-qual-2.0.0.jar;C:\Users\neha\.m2\repository\com\google\errorprone\error_prone_annotations\2.1.3\error_prone_annotations-2.1.3.jar;C:\Users\neha\.m2\repository\com\google\j2objc\j2objc-annotations\1.1\j2objc-annotations-1.1.jar;C:\Users\neha\.m2\repository\org\codehaus\mojo\animal-sniffer-annotations\1.14\animal-sniffer-annotations-1.14.jar;C:\Users\neha\.m2\repository\com\squareup\okhttp3\okhttp\3.11.0\okhttp-3.11.0.jar;C:\Users\neha\.m2\repository\com\squareup\okio\okio\1.14.0\okio-1.14.0.jar;C:\Program Files\Java\jdk1.8.0_221\lib\tools.jar;C:\Users\neha\.m2\repository\log4j\log4j\1.2.17\log4j-1.2.17.jar;C:\Users\neha\.m2\repository\org\apache\poi\poi\4.1.1\poi-4.1.1.jar;C:\Users\neha\.m2\repository\commons-codec\commons-codec\1.13\commons-codec-1.13.jar;C:\Users\neha\.m2\repository\org\apache\commons\commons-collections4\4.4\commons-collections4-4.4.jar;C:\Users\neha\.m2\repository\org\apache\commons\commons-math3\3.6.1\commons-math3-3.6.1.jar;C:\Users\neha\.m2\repository\org\apache\poi\poi-ooxml\4.1.1\poi-ooxml-4.1.1.jar;C:\Users\neha\.m2\repository\org\apache\commons\commons-compress\1.19\commons-compress-1.19.jar;C:\Users\neha\.m2\repository\com\github\virtuald\curvesapi\1.06\curvesapi-1.06.jar;C:\Users\neha\.m2\repository\org\apache\poi\poi-ooxml-schemas\4.1.1\poi-ooxml-schemas-4.1.1.jar;C:\Users\neha\.m2\repository\org\apache\xmlbeans\xmlbeans\3.1.0\xmlbeans-3.1.0.jar;C:\Users\neha\.m2\repository\org\apache\poi\poi-scratchpad\4.1.1\poi-scratchpad-4.1.1.jar;C:\Users\neha\.m2\repository\commons-io\commons-io\2.6\commons-io-2.6.jar;C:\Users\neha\.m2\repository\org\apache\poi\openxml4j\1.0-beta\openxml4j-1.0-beta.jar;C:\Users\neha\.m2\repository\dom4j\dom4j\1.6.1\dom4j-1.6.1.jar;C:\Users\neha\.m2\repository\xml-apis\xml-apis\1.0.b2\xml-apis-1.0.b2.jar;C:\Users\neha\.m2\repository\org\testng\testng\6.8.7\testng-6.8.7.jar;C:\Users\neha\.m2\repository\org\beanshell\bsh\2.0b4\bsh-2.0b4.jar;C:\Users\neha\.m2\repository\com\beust\jcommander\1.27\jcommander-1.27.jar;C:\Users\neha\.m2\repository\org\yaml\snakeyaml\1.12\snakeyaml-1.12.jar;"/>
    <property name="java.vm.vendor" value="Oracle Corporation"/>
    <property name="sun.arch.data.model" value="64"/>
    <property name="user.variant" value=""/>
    <property name="java.vendor.url" value="https://java.oracle.com/"/>
    <property name="user.timezone" value="America/New_York"/>
    <property name="os.name" value="Windows 10"/>
    <property name="java.vm.specification.version" value="12"/>
    <property name="sun.java.launcher" value="SUN_STANDARD"/>
    <property name="user.country" value="US"/>
    <property name="sun.boot.library.path" value="C:\Program Files\Java\jdk-12.0.2\bin"/>
    <property name="sun.java.command" value="C:\Users\neha\AppData\Local\Temp\surefire4991801464431296524\surefirebooter1032919209663080217.jar C:\Users\neha\AppData\Local\Temp\surefire4991801464431296524 2020-05-23T10-35-48_924-jvmRun1 surefire2896695776857855118tmp surefire_04700835986098899749tmp"/>
    <property name="jdk.debug" value="release"/>
    <property name="surefire.test.class.path" value="C:\Users\neha\eclipse-workspace\BDDFrameworkProject\target\test-classes;C:\Users\neha\eclipse-workspace\BDDFrameworkProject\target\classes;C:\Users\neha\.m2\repository\junit\junit\4.12\junit-4.12.jar;C:\Users\neha\.m2\repository\io\cucumber\cucumber-junit\4.7.1\cucumber-junit-4.7.1.jar;C:\Users\neha\.m2\repository\org\apiguardian\apiguardian-api\1.1.0\apiguardian-api-1.1.0.jar;C:\Users\neha\.m2\repository\io\cucumber\cucumber-core\4.7.1\cucumber-core-4.7.1.jar;C:\Users\neha\.m2\repository\io\cucumber\tag-expressions\1.1.1\tag-expressions-1.1.1.jar;C:\Users\neha\.m2\repository\io\cucumber\cucumber-expressions\7.0.2\cucumber-expressions-7.0.2.jar;C:\Users\neha\.m2\repository\io\cucumber\datatable\1.1.14\datatable-1.1.14.jar;C:\Users\neha\.m2\repository\io\cucumber\datatable-dependencies\1.1.14\datatable-dependencies-1.1.14.jar;C:\Users\neha\.m2\repository\io\cucumber\cucumber-html\0.2.7\cucumber-html-0.2.7.jar;C:\Users\neha\.m2\repository\net\sourceforge\cobertura\cobertura\2.1.1\cobertura-2.1.1.jar;C:\Users\neha\.m2\repository\org\ow2\asm\asm\5.0.1\asm-5.0.1.jar;C:\Users\neha\.m2\repository\org\ow2\asm\asm-tree\5.0.1\asm-tree-5.0.1.jar;C:\Users\neha\.m2\repository\org\ow2\asm\asm-commons\5.0.1\asm-commons-5.0.1.jar;C:\Users\neha\.m2\repository\org\ow2\asm\asm-util\5.0.1\asm-util-5.0.1.jar;C:\Users\neha\.m2\repository\org\ow2\asm\asm-analysis\5.0.1\asm-analysis-5.0.1.jar;C:\Users\neha\.m2\repository\oro\oro\2.0.8\oro-2.0.8.jar;C:\Users\neha\.m2\repository\jaxen\jaxen\1.1.4\jaxen-1.1.4.jar;C:\Users\neha\.m2\repository\org\apache\ant\ant\1.8.3\ant-1.8.3.jar;C:\Users\neha\.m2\repository\org\apache\ant\ant-launcher\1.8.3\ant-launcher-1.8.3.jar;C:\Users\neha\.m2\repository\org\apache\ant\ant-junit\1.8.3\ant-junit-1.8.3.jar;C:\Users\neha\.m2\repository\org\mortbay\jetty\servlet-api-2.5\6.1.14\servlet-api-2.5-6.1.14.jar;C:\Users\neha\.m2\repository\org\mortbay\jetty\jetty\6.1.14\jetty-6.1.14.jar;C:\Users\neha\.m2\repository\org\mortbay\jetty\jetty-util\6.1.14\jetty-util-6.1.14.jar;C:\Users\neha\.m2\repository\org\slf4j\slf4j-api\1.7.5\slf4j-api-1.7.5.jar;C:\Users\neha\.m2\repository\ch\qos\logback\logback-classic\1.0.13\logback-classic-1.0.13.jar;C:\Users\neha\.m2\repository\ch\qos\logback\logback-core\1.0.13\logback-core-1.0.13.jar;C:\Users\neha\.m2\repository\org\apache\commons\commons-lang3\3.3.2\commons-lang3-3.3.2.jar;C:\Users\neha\.m2\repository\io\cucumber\cucumber-java\4.7.2\cucumber-java-4.7.2.jar;C:\Users\neha\.m2\repository\io\cucumber\cucumber-jvm-deps\1.0.6\cucumber-jvm-deps-1.0.6.jar;C:\Users\neha\.m2\repository\net\masterthought\cucumber-reporting\4.9.0\cucumber-reporting-4.9.0.jar;C:\Users\neha\.m2\repository\com\fasterxml\jackson\core\jackson-databind\2.9.9.3\jackson-databind-2.9.9.3.jar;C:\Users\neha\.m2\repository\com\fasterxml\jackson\core\jackson-annotations\2.9.0\jackson-annotations-2.9.0.jar;C:\Users\neha\.m2\repository\com\fasterxml\jackson\core\jackson-core\2.9.9\jackson-core-2.9.9.jar;C:\Users\neha\.m2\repository\org\apache\velocity\velocity\1.7\velocity-1.7.jar;C:\Users\neha\.m2\repository\commons-lang\commons-lang\2.4\commons-lang-2.4.jar;C:\Users\neha\.m2\repository\commons-collections\commons-collections\3.2.2\commons-collections-3.2.2.jar;C:\Users\neha\.m2\repository\velocity-tools\velocity-tools\1.4\velocity-tools-1.4.jar;C:\Users\neha\.m2\repository\joda-time\joda-time\2.10.2\joda-time-2.10.2.jar;C:\Users\neha\.m2\repository\org\codehaus\plexus\plexus-utils\3.2.0\plexus-utils-3.2.0.jar;C:\Users\neha\.m2\repository\org\jsoup\jsoup\1.12.1\jsoup-1.12.1.jar;C:\Users\neha\.m2\repository\com\googlecode\owasp-java-html-sanitizer\owasp-java-html-sanitizer\20190610.1\owasp-java-html-sanitizer-20190610.1.jar;C:\Users\neha\.m2\repository\commons-configuration\commons-configuration\1.10\commons-configuration-1.10.jar;C:\Users\neha\.m2\repository\commons-logging\commons-logging\1.1.1\commons-logging-1.1.1.jar;C:\Users\neha\.m2\repository\org\hamcrest\hamcrest-core\2.1\hamcrest-core-2.1.jar;C:\Users\neha\.m2\repository\org\hamcrest\hamcrest\2.1\hamcrest-2.1.jar;C:\Users\neha\.m2\repository\io\cucumber\gherkin\5.1.0\gherkin-5.1.0.jar;C:\Users\neha\.m2\repository\io\cucumber\gherkin-jvm-deps\1.0.4\gherkin-jvm-deps-1.0.4.jar;C:\Users\neha\.m2\repository\org\seleniumhq\selenium\selenium-java\3.141.59\selenium-java-3.141.59.jar;C:\Users\neha\.m2\repository\org\seleniumhq\selenium\selenium-api\3.141.59\selenium-api-3.141.59.jar;C:\Users\neha\.m2\repository\org\seleniumhq\selenium\selenium-chrome-driver\3.141.59\selenium-chrome-driver-3.141.59.jar;C:\Users\neha\.m2\repository\org\seleniumhq\selenium\selenium-edge-driver\3.141.59\selenium-edge-driver-3.141.59.jar;C:\Users\neha\.m2\repository\org\seleniumhq\selenium\selenium-firefox-driver\3.141.59\selenium-firefox-driver-3.141.59.jar;C:\Users\neha\.m2\repository\org\seleniumhq\selenium\selenium-ie-driver\3.141.59\selenium-ie-driver-3.141.59.jar;C:\Users\neha\.m2\repository\org\seleniumhq\selenium\selenium-opera-driver\3.141.59\selenium-opera-driver-3.141.59.jar;C:\Users\neha\.m2\repository\org\seleniumhq\selenium\selenium-remote-driver\3.141.59\selenium-remote-driver-3.141.59.jar;C:\Users\neha\.m2\repository\org\seleniumhq\selenium\selenium-safari-driver\3.141.59\selenium-safari-driver-3.141.59.jar;C:\Users\neha\.m2\repository\org\seleniumhq\selenium\selenium-support\3.141.59\selenium-support-3.141.59.jar;C:\Users\neha\.m2\repository\net\bytebuddy\byte-buddy\1.8.15\byte-buddy-1.8.15.jar;C:\Users\neha\.m2\repository\org\apache\commons\commons-exec\1.3\commons-exec-1.3.jar;C:\Users\neha\.m2\repository\com\google\guava\guava\25.0-jre\guava-25.0-jre.jar;C:\Users\neha\.m2\repository\com\google\code\findbugs\jsr305\1.3.9\jsr305-1.3.9.jar;C:\Users\neha\.m2\repository\org\checkerframework\checker-compat-qual\2.0.0\checker-compat-qual-2.0.0.jar;C:\Users\neha\.m2\repository\com\google\errorprone\error_prone_annotations\2.1.3\error_prone_annotations-2.1.3.jar;C:\Users\neha\.m2\repository\com\google\j2objc\j2objc-annotations\1.1\j2objc-annotations-1.1.jar;C:\Users\neha\.m2\repository\org\codehaus\mojo\animal-sniffer-annotations\1.14\animal-sniffer-annotations-1.14.jar;C:\Users\neha\.m2\repository\com\squareup\okhttp3\okhttp\3.11.0\okhttp-3.11.0.jar;C:\Users\neha\.m2\repository\com\squareup\okio\okio\1.14.0\okio-1.14.0.jar;C:\Program Files\Java\jdk1.8.0_221\lib\tools.jar;C:\Users\neha\.m2\repository\log4j\log4j\1.2.17\log4j-1.2.17.jar;C:\Users\neha\.m2\repository\org\apache\poi\poi\4.1.1\poi-4.1.1.jar;C:\Users\neha\.m2\repository\commons-codec\commons-codec\1.13\commons-codec-1.13.jar;C:\Users\neha\.m2\repository\org\apache\commons\commons-collections4\4.4\commons-collections4-4.4.jar;C:\Users\neha\.m2\repository\org\apache\commons\commons-math3\3.6.1\commons-math3-3.6.1.jar;C:\Users\neha\.m2\repository\org\apache\poi\poi-ooxml\4.1.1\poi-ooxml-4.1.1.jar;C:\Users\neha\.m2\repository\org\apache\commons\commons-compress\1.19\commons-compress-1.19.jar;C:\Users\neha\.m2\repository\com\github\virtuald\curvesapi\1.06\curvesapi-1.06.jar;C:\Users\neha\.m2\repository\org\apache\poi\poi-ooxml-schemas\4.1.1\poi-ooxml-schemas-4.1.1.jar;C:\Users\neha\.m2\repository\org\apache\xmlbeans\xmlbeans\3.1.0\xmlbeans-3.1.0.jar;C:\Users\neha\.m2\repository\org\apache\poi\poi-scratchpad\4.1.1\poi-scratchpad-4.1.1.jar;C:\Users\neha\.m2\repository\commons-io\commons-io\2.6\commons-io-2.6.jar;C:\Users\neha\.m2\repository\org\apache\poi\openxml4j\1.0-beta\openxml4j-1.0-beta.jar;C:\Users\neha\.m2\repository\dom4j\dom4j\1.6.1\dom4j-1.6.1.jar;C:\Users\neha\.m2\repository\xml-apis\xml-apis\1.0.b2\xml-apis-1.0.b2.jar;C:\Users\neha\.m2\repository\org\testng\testng\6.8.7\testng-6.8.7.jar;C:\Users\neha\.m2\repository\org\beanshell\bsh\2.0b4\bsh-2.0b4.jar;C:\Users\neha\.m2\repository\com\beust\jcommander\1.27\jcommander-1.27.jar;C:\Users\neha\.m2\repository\org\yaml\snakeyaml\1.12\snakeyaml-1.12.jar;"/>
    <property name="sun.cpu.endian" value="little"/>
    <property name="user.home" value="C:\Users\neha"/>
    <property name="user.language" value="en"/>
    <property name="java.specification.vendor" value="Oracle Corporation"/>
    <property name="java.version.date" value="2019-07-16"/>
    <property name="java.home" value="C:\Program Files\Java\jdk-12.0.2"/>
    <property name="file.separator" value="\"/>
    <property name="basedir" value="C:\Users\neha\eclipse-workspace\BDDFrameworkProject"/>
    <property name="java.vm.compressedOopsMode" value="32-bit"/>
    <property name="line.separator" value="&#10;"/>
    <property name="java.vm.specification.vendor" value="Oracle Corporation"/>
    <property name="java.specification.name" value="Java Platform API Specification"/>
    <property name="java.awt.graphicsenv" value="sun.awt.Win32GraphicsEnvironment"/>
    <property name="surefire.real.class.path" value="C:\Users\neha\AppData\Local\Temp\surefire4991801464431296524\surefirebooter1032919209663080217.jar"/>
    <property name="user.script" value=""/>
    <property name="sun.management.compiler" value="HotSpot 64-Bit Tiered Compilers"/>
    <property name="java.runtime.version" value="12.0.2+10"/>
    <property name="user.name" value="neha"/>
    <property name="path.separator" value=";"/>
    <property name="os.version" value="10.0"/>
    <property name="java.runtime.name" value="Java(TM) SE Runtime Environment"/>
    <property name="file.encoding" value="Cp1252"/>
    <property name="java.vm.name" value="Java HotSpot(TM) 64-Bit Server VM"/>
    <property name="localRepository" value="C:\Users\neha\.m2\repository"/>
    <property name="java.vendor.url.bug" value="https://bugreport.java.com/bugreport/"/>
    <property name="java.io.tmpdir" value="C:\Users\neha\AppData\Local\Temp\"/>
    <property name="java.version" value="12.0.2"/>
    <property name="user.dir" value="C:\Users\neha\eclipse-workspace\BDDFrameworkProject"/>
    <property name="os.arch" value="amd64"/>
    <property name="java.vm.specification.name" value="Java Virtual Machine Specification"/>
    <property name="sun.os.patch.level" value=""/>
    <property name="java.library.path" value="C:\Program Files\Java\jdk-12.0.2\bin;C:\WINDOWS\Sun\Java\bin;C:\WINDOWS\system32;C:\WINDOWS;C:/Program Files/Java/jdk-12.0.2/bin/server;C:/Program Files/Java/jdk-12.0.2/bin;C:\Program Files (x86)\Common Files\Oracle\Java\javapath;C:\Program Files (x86)\Intel\iCLS Client\;C:\Program Files\Intel\iCLS Client\;C:\WINDOWS\system32;C:\WINDOWS;C:\WINDOWS\System32\Wbem;C:\WINDOWS\System32\WindowsPowerShell\v1.0\;C:\Program Files (x86)\Intel\Intel(R) Management Engine Components\DAL;C:\Program Files\Intel\Intel(R) Management Engine Components\DAL;C:\Program Files (x86)\Intel\Intel(R) Management Engine Components\IPT;C:\Program Files\Intel\Intel(R) Management Engine Components\IPT;C:\Program Files\dotnet\;C:\Program Files\Microsoft SQL Server\130\Tools\Binn\;C:\Program Files\Microsoft SQL Server\Client SDK\ODBC\130\Tools\Binn\;C:\Program Files (x86)\Microsoft SQL Server\140\Tools\Binn\;C:\Program Files\Microsoft SQL Server\140\Tools\Binn\;C:\Program Files\Microsoft SQL Server\140\DTS\Binn\;C:\Program Files (x86)\Microsoft SQL Server\Client SDK\ODBC\130\Tools\Binn\;C:\Program Files (x86)\Microsoft SQL Server\140\DTS\Binn\;C:\Program Files (x86)\Microsoft SQL Server\140\Tools\Binn\ManagementStudio\;C:\WINDOWS\System32\OpenSSH\;C:\Program Files\nodejs\;C:\apache-maven-3.6.2\bin;C:\Program Files\Java\jdk1.8.0_221\bin;C:\Program Files\Git\bin;C:\Program Files\Java\jdk-12.0.2\bin;C:\gradle-6.0.1\bin;C:\Program Files\nodejs\node_modules\npm\bin;C:\Users\neha\AppData\Local\Android\Sdk\platform-tools;C:\Users\neha\AppData\Local\Android\Sdk\tools;C:\Users\neha\AppData\Local\Android\Sdk\build-tools;C:\Users\neha\AppData\Local\Microsoft\WindowsApps;C:\Users\neha\AppData\Local\Programs\Microsoft VS Code\bin;C:\Users\neha\AppData\Roaming\npm;;C:\Users\neha\Desktop;;."/>
    <property name="java.vm.info" value="mixed mode, sharing"/>
    <property name="java.vendor" value="Oracle Corporation"/>
    <property name="java.vm.version" value="12.0.2+10"/>
    <property name="sun.io.unicode.encoding" value="UnicodeLittle"/>
    <property name="java.class.version" value="56.0"/>
  </properties>
</testsuite>